2025-05-16 11:42:01,052 CRIT Supervisor is running as root.  Privileges were not dropped because no user is specified in the config file.  If you intend to run as root, you can set user=root in the config file to avoid this message.
2025-05-16 11:42:01,057 INFO supervisord started with pid 1
2025-05-16 11:42:02,066 INFO spawned: 'npm-dev' with pid 7
2025-05-16 11:42:02,082 INFO spawned: 'php-fpm' with pid 8
2025-05-16 11:42:02,628 WARN exited: npm-dev (exit status 1; not expected)
2025-05-16 11:42:03,631 INFO spawned: 'npm-dev' with pid 33
2025-05-16 11:42:03,632 INFO success: php-fpm entered RUNNING state, process has stayed up for > than 1 seconds (startsecs)
2025-05-16 11:42:04,162 WARN exited: npm-dev (exit status 1; not expected)
2025-05-16 11:42:06,167 INFO spawned: 'npm-dev' with pid 56
2025-05-16 11:42:06,768 WARN exited: npm-dev (exit status 1; not expected)
2025-05-16 11:42:09,772 INFO spawned: 'npm-dev' with pid 79
2025-05-16 11:42:10,398 WARN exited: npm-dev (exit status 1; not expected)
2025-05-16 11:42:11,399 INFO gave up: npm-dev entered FATAL state, too many start retries too quickly
2025-05-16 11:53:11,932 WARN received SIGQUIT indicating exit request
2025-05-16 11:53:11,939 INFO waiting for php-fpm to die
2025-05-16 11:53:11,961 INFO stopped: php-fpm (exit status 0)
2025-05-16 11:54:34,179 CRIT Supervisor is running as root.  Privileges were not dropped because no user is specified in the config file.  If you intend to run as root, you can set user=root in the config file to avoid this message.
2025-05-16 11:54:34,182 INFO supervisord started with pid 1
2025-05-16 11:54:35,193 INFO spawned: 'npm-dev' with pid 7
2025-05-16 11:54:35,201 INFO spawned: 'php-fpm' with pid 8
2025-05-16 11:54:35,812 WARN exited: npm-dev (exit status 1; not expected)
2025-05-16 11:54:36,815 INFO spawned: 'npm-dev' with pid 33
2025-05-16 11:54:36,817 INFO success: php-fpm entered RUNNING state, process has stayed up for > than 1 seconds (startsecs)
2025-05-16 11:54:37,375 WARN exited: npm-dev (exit status 1; not expected)
2025-05-16 11:54:39,379 INFO spawned: 'npm-dev' with pid 56
2025-05-16 11:54:39,987 WARN exited: npm-dev (exit status 1; not expected)
2025-05-16 11:54:42,993 INFO spawned: 'npm-dev' with pid 79
2025-05-16 11:54:43,591 WARN exited: npm-dev (exit status 1; not expected)
2025-05-16 11:54:44,592 INFO gave up: npm-dev entered FATAL state, too many start retries too quickly
2025-05-16 11:54:45,594 WARN received SIGQUIT indicating exit request
2025-05-16 11:54:45,595 INFO waiting for php-fpm to die
2025-05-16 11:54:45,601 INFO stopped: php-fpm (exit status 0)
2025-05-16 11:55:40,304 CRIT Supervisor is running as root.  Privileges were not dropped because no user is specified in the config file.  If you intend to run as root, you can set user=root in the config file to avoid this message.
2025-05-16 11:55:40,308 INFO supervisord started with pid 1
2025-05-16 11:55:41,317 INFO spawned: 'npm-dev' with pid 8
2025-05-16 11:55:41,329 INFO spawned: 'php-fpm' with pid 9
2025-05-16 11:55:41,625 WARN exited: npm-dev (exit status 127; not expected)
2025-05-16 11:55:42,627 INFO spawned: 'npm-dev' with pid 23
2025-05-16 11:55:42,628 INFO success: php-fpm entered RUNNING state, process has stayed up for > than 1 seconds (startsecs)
2025-05-16 11:55:42,926 WARN exited: npm-dev (exit status 127; not expected)
2025-05-16 11:55:44,930 INFO spawned: 'npm-dev' with pid 35
2025-05-16 11:55:45,202 WARN exited: npm-dev (exit status 127; not expected)
2025-05-16 11:55:48,208 INFO spawned: 'npm-dev' with pid 47
2025-05-16 11:55:48,562 WARN exited: npm-dev (exit status 127; not expected)
2025-05-16 11:55:49,564 INFO gave up: npm-dev entered FATAL state, too many start retries too quickly
2025-05-16 11:56:58,808 WARN received SIGQUIT indicating exit request
2025-05-16 11:56:58,810 INFO waiting for php-fpm to die
2025-05-16 11:56:58,822 INFO stopped: php-fpm (exit status 0)
2025-05-16 11:58:09,717 CRIT Supervisor is running as root.  Privileges were not dropped because no user is specified in the config file.  If you intend to run as root, you can set user=root in the config file to avoid this message.
2025-05-16 11:58:09,720 INFO supervisord started with pid 1
2025-05-16 11:58:10,727 INFO spawned: 'npm-dev' with pid 10
2025-05-16 11:58:10,733 INFO spawned: 'php-fpm' with pid 11
2025-05-16 11:58:11,005 WARN exited: npm-dev (exit status 127; not expected)
2025-05-16 11:58:12,008 INFO spawned: 'npm-dev' with pid 25
2025-05-16 11:58:12,011 INFO success: php-fpm entered RUNNING state, process has stayed up for > than 1 seconds (startsecs)
2025-05-16 11:58:12,273 WARN exited: npm-dev (exit status 127; not expected)
2025-05-16 11:58:14,277 INFO spawned: 'npm-dev' with pid 37
2025-05-16 11:58:14,571 WARN exited: npm-dev (exit status 127; not expected)
2025-05-16 11:58:17,575 INFO spawned: 'npm-dev' with pid 49
2025-05-16 11:58:17,927 WARN exited: npm-dev (exit status 127; not expected)
2025-05-16 11:58:18,928 INFO gave up: npm-dev entered FATAL state, too many start retries too quickly
2025-05-16 12:01:23,493 CRIT Supervisor is running as root.  Privileges were not dropped because no user is specified in the config file.  If you intend to run as root, you can set user=root in the config file to avoid this message.
2025-05-16 12:01:23,496 INFO supervisord started with pid 1
2025-05-16 12:01:24,500 INFO spawned: 'npm-dev' with pid 10
2025-05-16 12:01:24,502 INFO spawned: 'php-fpm' with pid 11
2025-05-16 12:01:26,394 INFO success: npm-dev entered RUNNING state, process has stayed up for > than 1 seconds (startsecs)
2025-05-16 12:01:26,395 INFO success: php-fpm entered RUNNING state, process has stayed up for > than 1 seconds (startsecs)
